Arguments: 
  /usr/local/bin/node /usr/local/bin/yarn build

PATH: 
  /Users/TJ/bin/Sencha/Cmd:/usr/local/bin:/usr/bin:/bin:/usr/sbin:/sbin:/Library/Frameworks/Mono.framework/Versions/Current/Commands:/usr/local/git/bin

Yarn version: 
  1.1.0

Node version: 
  8.4.0

Platform: 
  darwin x64

npm manifest: 
  {
    "name": "imooc",
    "version": "1.0.0",
    "description": "",
    "main": "index.js",
    "scripts": {
      "test": "echo \"Error: no test specified\" && exit 1",
      "build" "webpack --config build/webpack.config.js"
    },
    "author": "TJ",
    "license": "ISC",
    "dependencies": {
      "path": "^0.12.7"
    }
  }

yarn manifest: 
  No manifest

Lockfile: 
  # THIS IS AN AUTOGENERATED FILE. DO NOT EDIT THIS FILE DIRECTLY.
  # yarn lockfile v1
  
  
  inherits@2.0.1:
    version "2.0.1"
    resolved "https://registry.yarnpkg.com/inherits/-/inherits-2.0.1.tgz#b17d08d326b4423e568eff719f91b0b1cbdf69f1"
  
  path@^0.12.7:
    version "0.12.7"
    resolved "https://registry.yarnpkg.com/path/-/path-0.12.7.tgz#d4dc2a506c4ce2197eb481ebfcd5b36c0140b10f"
    dependencies:
      process "^0.11.1"
      util "^0.10.3"
  
  process@^0.11.1:
    version "0.11.10"
    resolved "https://registry.yarnpkg.com/process/-/process-0.11.10.tgz#7332300e840161bda3e69a1d1d91a7d4bc16f182"
  
  util@^0.10.3:
    version "0.10.3"
    resolved "https://registry.yarnpkg.com/util/-/util-0.10.3.tgz#7afb1afe50805246489e3db7fe0ed379336ac0f9"
    dependencies:
      inherits "2.0.1"

Trace: 
  SyntaxError: /Users/TJ/git/imooc/package.json: Unexpected string in JSON at position 172
      at JSON.parse (<anonymous>)
      at /Users/TJ/.config/yarn/global/node_modules/yarn/lib/cli.js:764:59
      at Generator.next (<anonymous>)
      at step (/Users/TJ/.config/yarn/global/node_modules/yarn/lib/cli.js:92:30)
      at /Users/TJ/.config/yarn/global/node_modules/yarn/lib/cli.js:103:13
      at <anonymous>
